<?xml version="1.0" encoding="UTF-8"?>
<!-- Generated by org.testng.reporters.JUnitReportReporter -->
<testsuite skipped="0" hostname="LAPTOP-PP7LTPN0" name="kdf.Application" tests="1" failures="0" timestamp="27 Dec 2020 16:23:03 GMT" time="121.388" errors="0">
  <testcase name="verifyInvalidLogin" time="121.388" classname="kdf.Application"/>
</testsuite> <!-- kdf.Application -->
