<?xml version="1.0" encoding="UTF-8"?>
<!-- Generated by org.testng.reporters.JUnitReportReporter -->
<testsuite skipped="0" hostname="LAPTOP-PP7LTPN0" name="com.webappsecurity.zero.TestScripts.VerifyFundTransferTest" tests="1" failures="0" timestamp="26 Dec 2020 16:11:19 GMT" time="58.177" errors="0">
  <testcase name="verifyFundTransfer" time="58.177" classname="com.webappsecurity.zero.TestScripts.VerifyFundTransferTest"/>
</testsuite> <!-- com.webappsecurity.zero.TestScripts.VerifyFundTransferTest -->
